<?xml version="1.0" encoding="UTF-8"?>
<testng-results ignored="0" total="1" passed="1" failed="0" skipped="0">
  <reporter-output>
  </reporter-output>
  <suite started-at="2021-02-18T11:25:34 MEZ" name="Default suite" finished-at="2021-02-18T11:26:12 MEZ" duration-ms="37877">
    <groups>
    </groups>
    <test started-at="2021-02-18T11:25:34 MEZ" name="Default test" finished-at="2021-02-18T11:26:12 MEZ" duration-ms="37877">
      <class name="TestSkripts.DriverCreate">
        <test-method is-config="true" signature="Setup()[pri:0, instance:TestSkripts.DriverCreate@140c9f39]" started-at="2021-02-18T11:25:34 MEZ" name="Setup" finished-at="2021-02-18T11:25:45 MEZ" duration-ms="10792" status="PASS">
          <reporter-output>
          </reporter-output>
        </test-method> <!-- Setup -->
        <test-method signature="Test1()[pri:0, instance:TestSkripts.DriverCreate@140c9f39]" started-at="2021-02-18T11:25:45 MEZ" name="Test1" finished-at="2021-02-18T11:25:52 MEZ" duration-ms="6511" status="PASS">
          <reporter-output>
          </reporter-output>
        </test-method> <!-- Test1 -->
        <test-method is-config="true" signature="tearDown()[pri:0, instance:TestSkripts.DriverCreate@140c9f39]" started-at="2021-02-18T11:25:52 MEZ" name="tearDown" finished-at="2021-02-18T11:26:12 MEZ" duration-ms="20444" status="PASS">
          <reporter-output>
          </reporter-output>
        </test-method> <!-- tearDown -->
      </class> <!-- TestSkripts.DriverCreate -->
    </test> <!-- Default test -->
  </suite> <!-- Default suite -->
</testng-results>
